<?xml version="1.0" encoding="UTF-8"?>
<!-- Generated by org.testng.reporters.JUnitReportReporter -->
<testsuite hostname="ASHKOL" failures="0" tests="6" name="testCases.LoginTests" time="48.762" errors="0" timestamp="2025-07-28T17:34:52 IST" skipped="0">
  <testcase classname="testCases.LoginTests" name="testvalidLogin" time="9.131"/>
  <testcase classname="testCases.LoginTests" name="testInValidLogin" time="7.332"/>
  <testcase classname="testCases.LoginTests" name="testEmptyFieldsLogin" time="5.675"/>
  <testcase classname="testCases.LoginTests" name="testOnlyUserFieldsLogin" time="7.229"/>
  <testcase classname="testCases.LoginTests" name="testOnlyPasswordFieldsLogin" time="5.950"/>
  <testcase classname="testCases.LoginTests" name="testUrlDirection" time="13.445"/>
</testsuite> <!-- testCases.LoginTests -->
