<?xml version="1.0" encoding="UTF-8"?>
<!-- Generated by org.testng.reporters.JUnitReportReporter -->
<testsuite hostname="ASHKOL" failures="0" tests="1" name="testCases.LoginTests" time="9.273" errors="0" timestamp="2025-07-20T23:06:57 IST" skipped="0">
  <testcase classname="testCases.LoginTests" name="testUrlDirection" time="9.273"/>
</testsuite> <!-- testCases.LoginTests -->
