<?xml version="1.0" encoding="UTF-8"?>
<!-- Generated by org.testng.reporters.JUnitReportReporter -->
<testsuite hostname="ASHKOL" failures="0" tests="1" name="testCases.TC01_ValidLogin" time="3.122" errors="0" timestamp="2025-07-19T20:58:41 IST" skipped="0">
  <testcase classname="testCases.TC01_ValidLogin" name="validLogin" time="3.122"/>
</testsuite> <!-- testCases.TC01_ValidLogin -->
