<?xml version="1.0" encoding="UTF-8"?>
<!-- Generated by org.testng.reporters.JUnitReportReporter -->
<testsuite hostname="ASHKOL" failures="0" tests="1" name="testCases.TC01_ValidLogin" time="2.945" errors="0" timestamp="2025-07-19T21:12:04 IST" skipped="0">
  <testcase classname="testCases.TC01_ValidLogin" name="validLogin" time="2.945"/>
</testsuite> <!-- testCases.TC01_ValidLogin -->
